<?xml version="1.0" encoding="UTF-8"?>
<testng-results skipped="0" failed="0" ignored="0" total="1" passed="1">
  <reporter-output>
  </reporter-output>
  <suite name="Default suite" duration-ms="114" started-at="2018-08-16T09:22:16Z" finished-at="2018-08-16T09:22:16Z">
    <groups>
    </groups>
    <test name="Default test" duration-ms="114" started-at="2018-08-16T09:22:16Z" finished-at="2018-08-16T09:22:16Z">
      <class name="automationframework.TestNG">
        <test-method status="PASS" signature="userlogin()[pri:0, instance:automationframework.TestNG@3a82f6ef]" name="userlogin" duration-ms="18" started-at="2018-08-16T09:22:16Z" finished-at="2018-08-16T09:22:16Z">
          <reporter-output>
          </reporter-output>
        </test-method> <!-- userlogin -->
      </class> <!-- automationframework.TestNG -->
    </test> <!-- Default test -->
  </suite> <!-- Default suite -->
</testng-results>
